<?xml version="1.0" encoding="UTF-8"?>
<!-- Generated by org.testng.reporters.JUnitXMLReporter -->
<testsuite hostname="pavani" ignored="0" name="Test" tests="2" failures="1" timestamp="2020-07-13T17:59:33 IST" time="23.033" errors="0">
  <testcase name="loginApp" time="8.427" classname="com.CURA.Testcase.Login_CURA"/>
  <testcase name="loginApp_test1" time="2.562" classname="com.CURA.Testcase.Login_CURA">
    <failure type="java.lang.ArrayIndexOutOfBoundsException" message="10">
      <![CDATA[java.lang.ArrayIndexOutOfBoundsException: 10
at jxl.read.biff.SheetImpl.getCell(SheetImpl.java:356)
at Utilities.ExcelDataProvider.readExcel(ExcelDataProvider.groovy:25)
at org.codehaus.groovy.vmplugin.v7.IndyInterface.selectMethod(IndyInterface.java:234)
at com.CURA.Testcase.Login_CURA.loginApp_test1(Login_CURA.groovy:87)
at java.util.ArrayList.forEach(ArrayList.java:1257)
... Removed 27 stack frames]]>
    </failure>
  </testcase> <!-- loginApp_test1 -->
</testsuite> <!-- Test -->
